[    0.000000] Linux version 4.15.0-196-generic (buildd@lcy02-amd64-018) (gcc version 7.5.0 (Ubuntu 7.5.0-3ubuntu1~18.04)) #207-Ubuntu SMP Thu Oct 27 21:24:58 UTC 2022 (Ubuntu 4.15.0-196.207-generic 4.15.18)
[    0.000000] Command line: BOOT_IMAGE=/boot/vmlinuz-4.15.0-196-generic root=LABEL=cloudimg-rootfs ro console=tty1 console=ttyS0
[    0.000000] KERNEL supported cpus:
[    0.000000]   Intel GenuineIntel
[    0.000000]   AMD AuthenticAMD
[    0.000000]   Centaur CentaurHauls
[    0.000000] x86/fpu: Supporting XSAVE feature 0x001: 'x87 floating point registers'
[    0.000000] x86/fpu: Supporting XSAVE feature 0x002: 'SSE registers'
[    0.000000] x86/fpu: Supporting XSAVE feature 0x004: 'AVX registers'
[    0.000000] x86/fpu: xstate_offset[2]:  576, xstate_sizes[2]:  256
[    0.000000] x86/fpu: Enabled xstate features 0x7, context size is 832 bytes, using 'standard' format.
[    0.000000] e820: BIOS-provided physical RAM map:
[    0.000000] BIOS-e820: [mem 0x0000000000000000-0x000000000009fbff] usable
[    0.000000] BIOS-e820: [mem 0x000000000009fc00-0x000000000009ffff] reserved
[    0.000000] BIOS-e820: [mem 0x00000000000f0000-0x00000000000fffff] reserved
[    0.000000] BIOS-e820: [mem 0x0000000000100000-0x000000003ffeffff] usable
[    0.000000] BIOS-e820: [mem 0x000000003fff0000-0x000000003fffffff] ACPI data
[    0.000000] BIOS-e820: [mem 0x00000000fec00000-0x00000000fec00fff] reserved
[    0.000000] BIOS-e820: [mem 0x00000000fee00000-0x00000000fee00fff] reserved
[    0.000000] BIOS-e820: [mem 0x00000000fffc0000-0x00000000ffffffff] reserved
[    0.000000] NX (Execute Disable) protection: active
[    0.000000] SMBIOS 2.5 present.
[    0.000000] DMI: innotek GmbH VirtualBox/VirtualBox, BIOS VirtualBox 12/01/2006
[    0.000000] Hypervisor detected: KVM
[    0.000000] e820: last_pfn = 0x3fff0 max_arch_pfn = 0x400000000
[    0.000000] MTRR: Disabled
[    0.000000] x86/PAT: MTRRs disabled, skipping PAT initialization too.
[    0.000000] CPU MTRRs all blank - virtualized system.
[    0.000000] x86/PAT: Configuration [0-7]: WB  WT  UC- UC  WB  WT  UC- UC  
[    0.000000] found SMP MP-table at [mem 0x0009fff0-0x0009ffff]
[    0.000000] Scanning 1 areas for low memory corruption
[    0.000000] RAMDISK: [mem 0x359cb000-0x36cdcfff]
[    0.000000] ACPI: Early table checksum verification disabled
[    0.000000] ACPI: RSDP 0x00000000000E0000 000024 (v02 VBOX  )
[    0.000000] ACPI: XSDT 0x000000003FFF0030 00003C (v01 VBOX   VBOXXSDT 00000001 ASL  00000061)
[    0.000000] ACPI: FACP 0x000000003FFF00F0 0000F4 (v04 VBOX   VBOXFACP 00000001 ASL  00000061)
[    0.000000] ACPI: DSDT 0x000000003FFF0470 002325 (v02 VBOX   VBOXBIOS 00000002 INTL 20190509)
[    0.000000] ACPI: FACS 0x000000003FFF0200 000040
[    0.000000] ACPI: FACS 0x000000003FFF0200 000040
[    0.000000] ACPI: APIC 0x000000003FFF0240 00005C (v02 VBOX   VBOXAPIC 00000001 ASL  00000061)
[    0.000000] ACPI: SSDT 0x000000003FFF02A0 0001CC (v01 VBOX   VBOXCPUT 00000002 INTL 20190509)
[    0.000000] ACPI: Reserving FACP table memory at [mem 0x3fff00f0-0x3fff01e3]
[    0.000000] ACPI: Reserving DSDT table memory at [mem 0x3fff0470-0x3fff2794]
[    0.000000] ACPI: Reserving FACS table memory at [mem 0x3fff0200-0x3fff023f]
[    0.000000] ACPI: Reserving FACS table memory at [mem 0x3fff0200-0x3fff023f]
[    0.000000] ACPI: Reserving APIC table memory at [mem 0x3fff0240-0x3fff029b]
[    0.000000] ACPI: Reserving SSDT table memory at [mem 0x3fff02a0-0x3fff046b]
[    0.000000] No NUMA configuration found
[    0.000000] Faking a node at [mem 0x0000000000000000-0x000000003ffeffff]
[    0.000000] NODE_DATA(0) allocated [mem 0x3ffc5000-0x3ffeffff]
[    0.000000] kvm-clock: cpu 0, msr 0:3ff44001, primary cpu clock
[    0.000000] kvm-clock: Using msrs 4b564d01 and 4b564d00
[    0.000000] kvm-clock: using sched offset of 3500096704 cycles
[    0.000000] clocksource: kvm-clock: mask: 0xffffffffffffffff max_cycles: 0x1cd42e4dffb, max_idle_ns: 881590591483 ns
[    0.000000] Zone ranges:
[    0.000000]   DMA      [mem 0x0000000000001000-0x0000000000ffffff]
[    0.000000]   DMA32    [mem 0x0000000001000000-0x000000003ffeffff]
[    0.000000]   Normal   empty
[    0.000000]   Device   empty
[    0.000000] Movable zone start for each node
[    0.000000] Early memory node ranges
[    0.000000]   node   0: [mem 0x0000000000001000-0x000000000009efff]
[    0.000000]   node   0: [mem 0x0000000000100000-0x000000003ffeffff]
[    0.000000] Reserved but unavailable: 104 pages
[    0.000000] Initmem setup node 0 [mem 0x0000000000001000-0x000000003ffeffff]
[    0.000000] ACPI: PM-Timer IO Port: 0x4008
[    0.000000] IOAPIC[0]: apic_id 2, version 32, address 0xfec00000, GSI 0-23
[    0.000000] ACPI: INT_SRC_OVR (bus 0 bus_irq 0 global_irq 2 dfl dfl)
[    0.000000] ACPI: INT_SRC_OVR (bus 0 bus_irq 9 global_irq 9 low level)
[    0.000000] Using ACPI (MADT) for SMP configuration information
[    0.000000] smpboot: Allowing 2 CPUs, 0 hotplug CPUs
[    0.000000] PM: Registered nosave memory: [mem 0x00000000-0x00000fff]
[    0.000000] PM: Registered nosave memory: [mem 0x0009f000-0x0009ffff]
[    0.000000] PM: Registered nosave memory: [mem 0x000a0000-0x000effff]
[    0.000000] PM: Registered nosave memory: [mem 0x000f0000-0x000fffff]
[    0.000000] e820: [mem 0x40000000-0xfebfffff] available for PCI devices
[    0.000000] Booting paravirtualized kernel on KVM
[    0.000000] clocksource: refined-jiffies: mask: 0xffffffff max_cycles: 0xffffffff, max_idle_ns: 7645519600211568 ns
[    0.000000] setup_percpu: NR_CPUS:8192 nr_cpumask_bits:2 nr_cpu_ids:2 nr_node_ids:1
[    0.000000] percpu: Embedded 50 pages/cpu s167936 r8192 d28672 u1048576
[    0.000000] PV qspinlock hash table entries: 256 (order: 0, 4096 bytes)
[    0.000000] Built 1 zonelists, mobility grouping on.  Total pages: 257913
[    0.000000] Policy zone: DMA32
[    0.000000] Kernel command line: BOOT_IMAGE=/boot/vmlinuz-4.15.0-196-generic root=LABEL=cloudimg-rootfs ro console=tty1 console=ttyS0
[    0.000000] Memory: 982652K/1048120K available (12300K kernel code, 2477K rwdata, 4320K rodata, 2472K init, 2720K bss, 65468K reserved, 0K cma-reserved)
[    0.000000] SLUB: HWalign=64, Order=0-3, MinObjects=0, CPUs=2, Nodes=1
[    0.000000] Kernel/User page tables isolation: enabled
[    0.000000] ftrace: allocating 39477 entries in 155 pages
[    0.004000] Hierarchical RCU implementation.
[    0.004000] 	RCU restricting CPUs from NR_CPUS=8192 to nr_cpu_ids=2.
[    0.004000] 	Tasks RCU enabled.
[    0.004000] RCU: Adjusting geometry for rcu_fanout_leaf=16, nr_cpu_ids=2
[    0.004000] NR_IRQS: 524544, nr_irqs: 440, preallocated irqs: 16
[    0.004000] random: crng init done
[    0.004000] Console: colour VGA+ 80x25
[    0.004000] console [tty1] enabled
[    0.004000] console [ttyS0] enabled
[    0.004000] ACPI: Core revision 20170831
[    0.004000] ACPI: 2 ACPI AML tables successfully acquired and loaded
[    0.004000] APIC: Switch to symmetric I/O mode setup
[    0.004000] x2apic enabled
[    0.004000] Switched APIC routing to physical x2apic.
[    0.004000] ..TIMER: vector=0x30 apic1=0 pin1=2 apic2=-1 pin2=-1
[    0.004006] tsc: Detected 1992.002 MHz processor
[    0.004778] Calibrating delay loop (skipped) preset value.. 3984.00 BogoMIPS (lpj=7968008)
[    0.005370] pid_max: default: 32768 minimum: 301
[    0.008037] Security Framework initialized
[    0.008704] Yama: becoming mindful.
[    0.009300] AppArmor: AppArmor initialized
[    0.010586] Dentry cache hash table entries: 131072 (order: 8, 1048576 bytes)
[    0.011665] Inode-cache hash table entries: 65536 (order: 7, 524288 bytes)
[    0.012010] Mount-cache hash table entries: 2048 (order: 2, 16384 bytes)
[    0.013023] Mountpoint-cache hash table entries: 2048 (order: 2, 16384 bytes)
[    0.014282] Last level iTLB entries: 4KB 64, 2MB 8, 4MB 8
[    0.016002] Last level dTLB entries: 4KB 64, 2MB 0, 4MB 0, 1GB 4
[    0.017297] Spectre V1 : Mitigation: usercopy/swapgs barriers and __user pointer sanitization
[    0.018547] Spectre V2 : Mitigation: Retpolines
[    0.019261] Spectre V2 : Spectre v2 / SpectreRSB mitigation: Filling RSB on context switch
[    0.020007] Speculative Store Bypass: Vulnerable
[    0.020901] MDS: Mitigation: Clear CPU buffers
[    0.021634] MMIO Stale Data: Mitigation: Clear CPU buffers
[    0.022505] SRBDS: Unknown: Dependent on hypervisor status
[    0.023611] Freeing SMP alternatives memory: 36K
[    0.134523] smpboot: CPU0: Intel(R) Core(TM) i7-8550U CPU @ 1.80GHz (family: 0x6, model: 0x8e, stepping: 0xa)
[    0.136000] Performance Events: unsupported p6 CPU model 142 no PMU driver, software events only.
[    0.136000] Hierarchical SRCU implementation.
[    0.136539] NMI watchdog: Perf event create on CPU 0 failed with -2
[    0.137429] NMI watchdog: Perf NMI watchdog permanently disabled
[    0.138288] smp: Bringing up secondary CPUs ...
[    0.139114] x86: Booting SMP configuration:
[    0.139740] .... node  #0, CPUs:      #1
[    0.004000] kvm-clock: cpu 1, msr 0:3ff44041, secondary cpu clock
[    0.142927] smp: Brought up 1 node, 2 CPUs
[    0.142927] smpboot: Max logical packages: 1
[    0.144004] smpboot: Total of 2 processors activated (7968.00 BogoMIPS)
[    0.144875] devtmpfs: initialized
[    0.144875] x86/mm: Memory block size: 128MB
[    0.145943] evm: security.selinux
[    0.146791] evm: security.SMACK64
[    0.148008] evm: security.SMACK64EXEC
[    0.148878] evm: security.SMACK64TRANSMUTE
[    0.149860] evm: security.SMACK64MMAP
[    0.150758] evm: security.apparmor
[    0.152004] evm: security.ima
[    0.152633] evm: security.capability
[    0.153404] clocksource: jiffies: mask: 0xffffffff max_cycles: 0xffffffff, max_idle_ns: 7645041785100000 ns
[    0.153941] futex hash table entries: 512 (order: 3, 32768 bytes)
[    0.156049] pinctrl core: initialized pinctrl subsystem
[    0.158580] RTC time:  2:34:11, date: 11/17/22
[    0.160161] NET: Registered protocol family 16
[    0.161132] audit: initializing netlink subsys (disabled)
[    0.164104] audit: type=2000 audit(1668652456.290:1): state=initialized audit_enabled=0 res=1
[    0.166186] cpuidle: using governor ladder
[    0.166186] cpuidle: using governor menu
[    0.168058] ACPI: bus type PCI registered
[    0.168865] acpiphp: ACPI Hot Plug PCI Controller Driver version: 0.5
[    0.170190] PCI: Using configuration type 1 for base access
[    0.172892] HugeTLB registered 2.00 MiB page size, pre-allocated 0 pages
[    0.173243] ACPI: Added _OSI(Module Device)
[    0.173243] ACPI: Added _OSI(Processor Device)
[    0.176009] ACPI: Added _OSI(3.0 _SCP Extensions)
[    0.176884] ACPI: Added _OSI(Processor Aggregator Device)
[    0.177990] ACPI: Added _OSI(Linux-Dell-Video)
[    0.178987] ACPI: Added _OSI(Linux-Lenovo-NV-HDMI-Audio)
[    0.180014] ACPI: Added _OSI(Linux-HPI-Hybrid-Graphics)
[    0.181358] ACPI: Executed 1 blocks of module-level executable AML code
[    0.186991] ACPI: Interpreter enabled
[    0.188014] ACPI: (supports S0 S5)
[    0.188704] ACPI: Using IOAPIC for interrupt routing
[    0.189936] PCI: Using host bridge windows from ACPI; if necessary, use "pci=nocrs" and report a bug
[    0.191757] ACPI: Enabled 2 GPEs in block 00 to 07
[    0.199155] ACPI: PCI Root Bridge [PCI0] (domain 0000 [bus 00-ff])
[    0.200009] acpi PNP0A03:00: _OSC: OS supports [ASPM ClockPM Segments MSI]
[    0.201807] acpi PNP0A03:00: _OSC: not requesting OS control; OS requires [ExtendedConfig ASPM ClockPM MSI]
[    0.204013] acpi PNP0A03:00: fail to add MMCONFIG information, can't access extended PCI configuration space under this bridge.
[    0.206598] PCI host bridge to bus 0000:00
[    0.207372] pci_bus 0000:00: root bus resource [io  0x0000-0x0cf7 window]
[    0.208003] pci_bus 0000:00: root bus resource [io  0x0d00-0xffff window]
[    0.209197] pci_bus 0000:00: root bus resource [mem 0x000a0000-0x000bffff window]
[    0.212002] pci_bus 0000:00: root bus resource [mem 0x40000000-0xfdffffff window]
[    0.214094] pci_bus 0000:00: root bus resource [bus 00-ff]
[    0.217266] pci 0000:00:01.1: legacy IDE quirk: reg 0x10: [io  0x01f0-0x01f7]
[    0.218368] pci 0000:00:01.1: legacy IDE quirk: reg 0x14: [io  0x03f6]
[    0.219413] pci 0000:00:01.1: legacy IDE quirk: reg 0x18: [io  0x0170-0x0177]
[    0.220003] pci 0000:00:01.1: legacy IDE quirk: reg 0x1c: [io  0x0376]
[    0.234281] pci 0000:00:07.0: quirk: [io  0x4000-0x403f] claimed by PIIX4 ACPI
[    0.236026] pci 0000:00:07.0: quirk: [io  0x4100-0x410f] claimed by PIIX4 SMB
[    0.261127] ACPI: PCI Interrupt Link [LNKA] (IRQs 5 9 10 *11)
[    0.264000] ACPI: PCI Interrupt Link [LNKB] (IRQs 5 9 *10 11)
[    0.264168] ACPI: PCI Interrupt Link [LNKC] (IRQs 5 *9 10 11)
[    0.265736] ACPI: PCI Interrupt Link [LNKD] (IRQs 5 9 10 *11)
[    0.268523] SCSI subsystem initialized
[    0.269513] pci 0000:00:02.0: vgaarb: setting as boot VGA device
[    0.269513] pci 0000:00:02.0: vgaarb: VGA device added: decodes=io+mem,owns=io+mem,locks=none
[    0.272025] pci 0000:00:02.0: vgaarb: bridge control possible
[    0.273500] vgaarb: loaded
[    0.276072] ACPI: bus type USB registered
[    0.277746] usbcore: registered new interface driver usbfs
[    0.279088] usbcore: registered new interface driver hub
[    0.280019] usbcore: registered new device driver usb
[    0.281422] EDAC MC: Ver: 3.0.0
[    0.281422] PCI: Using ACPI for IRQ routing
[    0.284398] NetLabel: Initializing
[    0.285479] NetLabel:  domain hash size = 128
[    0.286525] NetLabel:  protocols = UNLABELED CIPSOv4 CALIPSO
[    0.288021] NetLabel:  unlabeled traffic allowed by default
[    0.289273] clocksource: Switched to clocksource kvm-clock
[    0.299317] VFS: Disk quotas dquot_6.6.0
[    0.300045] VFS: Dquot-cache hash table entries: 512 (order 0, 4096 bytes)
[    0.301749] AppArmor: AppArmor Filesystem Enabled
[    0.302750] pnp: PnP ACPI init
[    0.304475] pnp: PnP ACPI: found 3 devices
[    0.313361] clocksource: acpi_pm: mask: 0xffffff max_cycles: 0xffffff, max_idle_ns: 2085701024 ns
[    0.314833] NET: Registered protocol family 2
[    0.315548] IP idents hash table entries: 16384 (order: 5, 131072 bytes)
[    0.317285] TCP established hash table entries: 8192 (order: 4, 65536 bytes)
[    0.318310] TCP bind hash table entries: 8192 (order: 5, 131072 bytes)
[    0.319272] TCP: Hash tables configured (established 8192 bind 8192)
[    0.320242] UDP hash table entries: 512 (order: 2, 16384 bytes)
[    0.321675] UDP-Lite hash table entries: 512 (order: 2, 16384 bytes)
[    0.323243] NET: Registered protocol family 1
[    0.324141] pci 0000:00:00.0: Limiting direct PCI/PCI transfers
[    0.324214] pci 0000:00:01.0: Activating ISA DMA hang workarounds
[    0.328081] pci 0000:00:02.0: Video device with shadowed ROM at [mem 0x000c0000-0x000dffff]
[    0.329600] Unpacking initramfs...
[    0.613795] Freeing initrd memory: 19528K
[    0.614620] clocksource: tsc: mask: 0xffffffffffffffff max_cycles: 0x396d566cf43, max_idle_ns: 881590760263 ns
[    0.616342] platform rtc_cmos: registered platform RTC device (no PNP device found)
[    0.617694] Scanning for low memory corruption every 60 seconds
[    0.619178] Initialise system trusted keyrings
[    0.620096] Key type blacklist registered
[    0.621035] workingset: timestamp_bits=36 max_order=18 bucket_order=0
[    0.623587] zbud: loaded
[    0.624599] squashfs: version 4.0 (2009/01/31) Phillip Lougher
[    0.625758] fuse init (API version 7.26)
[    0.627870] Key type asymmetric registered
[    0.629767] Asymmetric key parser 'x509' registered
[    0.631527] Block layer SCSI generic (bsg) driver version 0.4 loaded (major 246)
[    0.632758] io scheduler noop registered
[    0.633363] io scheduler deadline registered
[    0.633974] io scheduler cfq registered (default)
[    0.634848] ACPI: AC Adapter [AC] (on-line)
[    0.635527] input: Power Button as /devices/LNXSYSTM:00/LNXPWRBN:00/input/input0
[    0.636767] ACPI: Power Button [PWRF]
[    0.638627] input: Sleep Button as /devices/LNXSYSTM:00/LNXSLPBN:00/input/input1
[    0.640166] ACPI: Sleep Button [SLPF]
[    0.641947] ACPI: Battery Slot [BAT0] (battery present)
[    0.643099] Serial: 8250/16550 driver, 32 ports, IRQ sharing enabled
[    0.665039] 00:02: ttyS0 at I/O 0x3f8 (irq = 4, base_baud = 115200) is a 16550A
[    0.668263] Linux agpgart interface v0.103
[    0.671963] loop: module loaded
[    0.673159] scsi host0: ata_piix
[    0.673938] scsi host1: ata_piix
[    0.674963] ata1: PATA max UDMA/33 cmd 0x1f0 ctl 0x3f6 bmdma 0xd000 irq 14
[    0.676429] ata2: PATA max UDMA/33 cmd 0x170 ctl 0x376 bmdma 0xd008 irq 15
[    0.677880] tun: Universal TUN/TAP device driver, 1.6
[    0.678996] PPP generic driver version 2.4.2
[    0.680003] ehci_hcd: USB 2.0 'Enhanced' Host Controller (EHCI) Driver
[    0.681233] ehci-pci: EHCI PCI platform driver
[    0.682084] ehci-platform: EHCI generic platform driver
[    0.683063] ohci_hcd: USB 1.1 'Open' Host Controller (OHCI) Driver
[    0.684312] ohci-pci: OHCI PCI platform driver
[    0.685227] ohci-platform: OHCI generic platform driver
[    0.686411] uhci_hcd: USB Universal Host Controller Interface driver
[    0.688079] i8042: PNP: PS/2 Controller [PNP0303:PS2K,PNP0f03:PS2M] at 0x60,0x64 irq 1,12
[    0.690238] serio: i8042 KBD port at 0x60,0x64 irq 1
[    0.691354] serio: i8042 AUX port at 0x60,0x64 irq 12
[    0.692729] mousedev: PS/2 mouse device common for all mice
[    0.694428] input: AT Translated Set 2 keyboard as /devices/platform/i8042/serio0/input/input2
[    0.696301] rtc_cmos rtc_cmos: rtc core: registered rtc_cmos as rtc0
[    0.697532] rtc_cmos rtc_cmos: alarms up to one day, 114 bytes nvram
[    0.698678] i2c /dev entries driver
[    0.699396] device-mapper: uevent: version 1.0.3
[    0.700682] device-mapper: ioctl: 4.37.0-ioctl (2017-09-20) initialised: dm-devel@redhat.com
[    0.702515] ledtrig-cpu: registered to indicate activity on CPUs
[    0.705285] NET: Registered protocol family 10
[    0.709896] Segment Routing with IPv6
[    0.710743] NET: Registered protocol family 17
[    0.711756] Key type dns_resolver registered
[    0.712999] mce: Using 0 MCE banks
[    0.713741] RAS: Correctable Errors collector initialized.
[    0.714826] sched_clock: Marking stable (712974659, 0)->(876499582, -163524923)
[    0.716686] registered taskstats version 1
[    0.717494] Loading compiled-in X.509 certificates
[    0.720436] Loaded X.509 cert 'Build time autogenerated kernel key: 70689ee33cf4f642c5ae41aad47e12600d9dde30'
[    0.723083] Loaded X.509 cert 'Canonical Ltd. Live Patch Signing: 14df34d1a87cf37625abec039ef2bf521249b969'
[    0.725738] Loaded X.509 cert 'Canonical Ltd. Kernel Module Signing: 88f752e560a1e0737e31163a466ad7b70a850c19'
[    0.727234] blacklist: Loading compiled-in revocation X.509 certificates
[    0.728423] Loaded X.509 cert 'Canonical Ltd. Secure Boot Signing: 61482aa2830d0ab2ad5af10b7250da9033ddcef0'
[    0.729964] zswap: loaded using pool lzo/zbud
[    0.733825] Key type big_key registered
[    0.734425] Key type trusted registered
[    0.736701] Key type encrypted registered
[    0.737779] AppArmor: AppArmor sha1 policy hashing enabled
[    0.738841] ima: No TPM chip found, activating TPM-bypass! (rc=-19)
[    0.739855] ima: Allocated hash algorithm: sha1
[    0.740696] evm: HMAC attrs: 0x1
[    0.741592]   Magic number: 14:546:561
[    0.742545] rtc_cmos rtc_cmos: setting system clock to 2022-11-17 02:34:12 UTC (1668652452)
[    0.743957] BIOS EDD facility v0.16 2004-Jun-25, 0 devices found
[    0.744809] EDD information not available.
[    0.875786] Freeing unused kernel image memory: 2472K
[    1.144266] Write protecting the kernel read-only data: 20480k
[    1.149297] Freeing unused kernel image memory: 2008K
[    1.153119] Freeing unused kernel image memory: 1824K
[    1.194407] x86/mm: Checked W+X mappings: passed, no W+X pages found.
[    1.201081] x86/mm: Checking user space page tables
[    1.232246] x86/mm: Checked W+X mappings: passed, no W+X pages found.
Loading, please wait...
starting version 237
[    1.335797] e1000: Intel(R) PRO/1000 Network Driver - version 7.3.21-k8-NAPI
[    1.337199] e1000: Copyright (c) 1999-2006 Intel Corporation.
[    1.344026] Fusion MPT base driver 3.04.20
[    1.345080] Copyright (c) 1999-2008 LSI Corporation
[    1.358199] AVX2 version of gcm_enc/dec engaged.
[    1.359090] AES CTR mode by8 optimization enabled
[    1.362571] Fusion MPT SPI Host driver 3.04.20
[    1.555214] input: ImExPS/2 Generic Explorer Mouse as /devices/platform/i8042/serio1/input/input4
[    1.751826] e1000 0000:00:03.0 eth0: (PCI:33MHz:32-bit) 02:4e:99:64:d2:eb
[    1.756162] e1000 0000:00:03.0 eth0: Intel(R) PRO/1000 Network Connection
[    2.132334] e1000 0000:00:08.0 eth1: (PCI:33MHz:32-bit) 08:00:27:7b:24:ea
[    2.133508] e1000 0000:00:08.0 eth1: Intel(R) PRO/1000 Network Connection
[    2.135577] mptbase: ioc0: Initiating bringup
[    2.135894] e1000 0000:00:03.0 enp0s3: renamed from eth0
[    2.177450] e1000 0000:00:08.0 enp0s8: renamed from eth1
[    2.336721] ioc0: LSI53C1030 A0: Capabilities={Initiator}
[    4.205752] scsi host2: ioc0: LSI53C1030 A0, FwRev=00000000h, Ports=1, MaxQ=256, IRQ=20
[    6.326997] scsi 2:0:0:0: Direct-Access     VBOX     HARDDISK         1.0  PQ: 0 ANSI: 5
[    6.364201] scsi target2:0:0: Beginning Domain Validation
[    6.371653] scsi target2:0:0: Domain Validation skipping write tests
[    6.377732] scsi target2:0:0: Ending Domain Validation
[    6.381560] scsi target2:0:0: asynchronous
[    6.385289] scsi 2:0:1:0: Direct-Access     VBOX     HARDDISK         1.0  PQ: 0 ANSI: 5
[    7.063663] scsi target2:0:1: Beginning Domain Validation
[    7.072016] scsi target2:0:1: Domain Validation skipping write tests
[    7.080540] scsi target2:0:1: Ending Domain Validation
[    7.084003] scsi target2:0:1: asynchronous
[    7.106825] sd 2:0:0:0: Attached scsi generic sg0 type 0
[    7.111185] sd 2:0:0:0: [sda] 83886080 512-byte logical blocks: (42.9 GB/40.0 GiB)
[    7.112225] sd 2:0:1:0: Attached scsi generic sg1 type 0
[    7.117951] sd 2:0:0:0: [sda] Write Protect is off
[    7.122705] sd 2:0:1:0: [sdb] 20480 512-byte logical blocks: (10.5 MB/10.0 MiB)
[    7.125552] sd 2:0:0:0: [sda] Incomplete mode parameter data
[    7.134399] sd 2:0:0:0: [sda] Assuming drive cache: write through
[    7.138794] sd 2:0:1:0: [sdb] Write Protect is off
[    7.142556] sd 2:0:1:0: [sdb] Incomplete mode parameter data
[    7.145268] sd 2:0:1:0: [sdb] Assuming drive cache: write through
[    7.149336]  sda: sda1
[    7.152526] sd 2:0:0:0: [sda] Attached SCSI disk
[    7.153598] sd 2:0:1:0: [sdb] Attached SCSI disk
Begin: Loading essential drivers ... [    8.759855] raid6: sse2x1   gen() 10752 MB/s
[    8.812091] raid6: sse2x1   xor()  7828 MB/s
[    8.860130] raid6: sse2x2   gen() 12234 MB/s
[    8.912348] raid6: sse2x2   xor()  9038 MB/s
[    8.960914] raid6: sse2x4   gen() 14318 MB/s
[    9.012715] raid6: sse2x4   xor()  9827 MB/s
[    9.060479] raid6: avx2x1   gen() 19208 MB/s
[    9.116611] raid6: avx2x1   xor() 17125 MB/s
[    9.174277] raid6: avx2x2   gen() 28715 MB/s
[    9.224291] raid6: avx2x2   xor() 17087 MB/s
[    9.284117] raid6: avx2x4   gen() 35310 MB/s
[    9.342139] raid6: avx2x4   xor() 20320 MB/s
[    9.342909] raid6: using algorithm avx2x4 gen() 35310 MB/s
[    9.343725] raid6: .... xor() 20320 MB/s, rmw enabled
[    9.344562] raid6: using avx2x2 recovery algorithm
[    9.346777] xor: automatically using best checksumming function   avx       
[    9.349081] async_tx: api initialized (async)
done.
Begin: Running /scripts/init-premount ... done.
Begin: Mounting root file system ... Begin: Running /scripts/local-top ... done.
Begin: Running /scripts/local-premount ... [    9.395128] Btrfs loaded, crc32c=crc32c-intel
Scanning for Btrfs filesystems
done.
Warning: fsck not present, so skipping root file system
[    9.423870] EXT4-fs (sda1): mounted filesystem with ordered data mode. Opts: (null)
done.
Begin: Running /scripts/local-bottom ... done.
Begin: Running /scripts/init-bottom ... done.
[    9.585374] ip_tables: (C) 2000-2006 Netfilter Core Team
[    9.595668] systemd[1]: systemd 237 running in system mode. (+PAM +AUDIT +SELINUX +IMA +APPARMOR +SMACK +SYSVINIT +UTMP +LIBCRYPTSETUP +GCRYPT +GNUTLS +ACL +XZ +LZ4 +SECCOMP +BLKID +ELFUTILS +KMOD -IDN2 +IDN -PCRE2 default-hierarchy=hybrid)
[    9.599174] systemd[1]: Detected virtualization oracle.
[    9.600141] systemd[1]: Detected architecture x86-64.

Welcome to [1mUbuntu 18.04.6 LTS[0m!

[    9.607233] systemd[1]: Set hostname to <ubuntu>.
[    9.609394] systemd[1]: Initializing machine ID from random generator.
[    9.610657] systemd[1]: Installed transient /etc/machine-id file.
[    9.861387] systemd[1]: Reached target System Time Synchronized.
[[0;32m  OK  [0m] Reached target System Time Synchronized.
[    9.863829] systemd[1]: Started Forward Password Requests to Wall Directory Watch.
[[0;32m  OK  [0m] Started Forward Password Requests to Wall Directory Watch.
[    9.867957] systemd[1]: Created slice System Slice.
[[0;32m  OK  [0m] Created slice System Slice.
[    9.870058] systemd[1]: Listening on Journal Audit Socket.
[[0;32m  OK  [0m] Listening on Journal Audit Socket.
[[0;32m  OK  [0m] Listening on Journal Socket.
         Starting Load Kernel Modules...
[[0;32m  OK  [0m] Listening on LVM2 metadata daemon socket.
[[0;32m  OK  [0m] Listening on fsck to fsckd communication Socket.
         Starting Create list of required st…ce nodes for the current kernel...
         Mounting Kernel Debug File System...
[[0;32m  OK  [0m] Listening on Network Service Netlink Socket.
[[0;32m  OK  [0m] Listening on /dev/initctl Compatibility Named Pipe.
[[0;32m  OK  [0m] Created slice system-serial\x2dgetty.slice.
[[0;32m  OK  [0m] Listening on udev Kernel Socket.
         Starting Set the console keyboard layout...
[[0;32m  OK  [0m] Listening on LVM2 poll daemon socket.
[    9.891251] Loading iSCSI transport class v2.0-870.
[    9.897475] iscsi: registered transport (tcp)
[[0;32m  OK  [0m] Listening on Syslog Socket.
[[0;32m  OK  [0m] Listening on Journal Socket (/dev/log).
[[0;32m  OK  [0m] Listening on udev Control Socket.
         Starting udev Coldplug all Devices...
         Starting File System Check on Root Device...
[    9.918268] iscsi: registered transport (iser)
         Mounting Huge Pages File System...
         Mounting POSIX Message Queue File System...
         Starting Journal Service...
[[0;32m  OK  [0m] Set up automount Arbitrary Executab…rmats File System Automount Point.
[[0;32m  OK  [0m] Reached target User and Group Name Lookups.
[[0;32m  OK  [0m] Listening on Device-mapper event daemon FIFOs.
         Starting Monitoring of LVM2 mirrors…ng dmeventd or progress polling...
[[0;32m  OK  [0m] Created slice User and Session Slice.
[[0;32m  OK  [0m] Reached target Slices.
         Starting Uncomplicated firewall...
[[0;32m  OK  [0m] Reached target Swap.
[[0;32m  OK  [0m] Started Load Kernel Modules.
[[0;32m  OK  [0m] Started Create list of required sta…vice nodes for the current kernel.
[[0;32m  OK  [0m] Mounted Kernel Debug File System.
[[0;32m  OK  [0m] Started Journal Service.
[[0;32m  OK  [0m] Mounted Huge Pages File System.
[[0;32m  OK  [0m] Mounted POSIX Message Queue File System.
[[0;32m  OK  [0m] Started File System Check Daemon to report status.
         Starting Create Static Device Nodes in /dev...
         Starting Apply Kernel Variables...
         Mounting Kernel Configuration File System...
         Mounting FUSE Control File System...
[[0;32m  OK  [0m] Mounted Kernel Configuration File System.
[[0;32m  OK  [0m] Mounted FUSE Control File System.
[[0;32m  OK  [0m] Started LVM2 metadata daemon.
[[0;32m  OK  [0m] Started Uncomplicated firewall.
[[0;32m  OK  [0m] Started udev Coldplug all Devices.
[[0;32m  OK  [0m] Started File System Check on Root Device.
         Starting Remount Root and Kernel File Systems...
[[0;32m  OK  [0m] Started Create Static Device Nodes in /dev.
[[0;32m  OK  [0m] Started Apply Kernel Variables.
[[0;32m  OK  [0m] Started Remount Root and Kernel File Systems.
         Starting Flush Journal to Persistent Storage...
         Starting Load/Save Random Seed...
         Starting udev Kernel Device Manager...
[[0;32m  OK  [0m] Started Monitoring of LVM2 mirrors,…sing dmeventd or progress polling.
[[0;32m  OK  [0m] Started Load/Save Random Seed.
[[0;32m  OK  [0m] Started udev Kernel Device Manager.
[[0;32m  OK  [0m] Started Flush Journal to Persistent Storage.
[[0;32m  OK  [0m] Found device /dev/ttyS0.
[[0;32m  OK  [0m] Listening on Load/Save RF Kill Switch Status /dev/rfkill Watch.
         Mounting Arbitrary Executable File Formats File System...
[[0;32m  OK  [0m] Mounted Arbitrary Executable File Formats File System.
[[0;32m  OK  [0m] Started Set the console keyboard layout.
[[0;32m  OK  [0m] Started Dispatch Password Requests to Console Directory Watch.
[[0;32m  OK  [0m] Reached target Local Encrypted Volumes.
[[0;32m  OK  [0m] Reached target Local File Systems (Pre).
[[0;32m  OK  [0m] Reached target Local File Systems.
         Starting Commit a transient machine-id on disk...
         Starting ebtables ruleset management...
         Starting Set console font and keymap...
         Starting Create Volatile Files and Directories...
         Starting Tell Plymouth To Write Out Runtime Data...
         Starting AppArmor initialization...
[[0;32m  OK  [0m] Started Set console font and keymap.
[[0;32m  OK  [0m] Started Tell Plymouth To Write Out Runtime Data.
[[0;32m  OK  [0m] Started Create Volatile Files and Directories.
         Starting Update UTMP about System Boot/Shutdown...
[[0;32m  OK  [0m] Started Update UTMP about System Boot/Shutdown.
[[0;32m  OK  [0m] Started Commit a transient machine-id on disk.
[[0;32m  OK  [0m] Started ebtables ruleset management.
[[0;32m  OK  [0m] Started AppArmor initialization.
         Starting Initial cloud-init job (pre-networking)...
         Starting Load AppArmor profiles managed internally by snapd...
[[0;32m  OK  [0m] Started Load AppArmor profiles managed internally by snapd.
[   13.166525] cloud-init[667]: Cloud-init v. 22.3.4-0ubuntu1~18.04.1 running 'init-local' at Thu, 17 Nov 2022 02:34:24 +0000. Up 12.81 seconds.
[[0;32m  OK  [0m] Started Initial cloud-init job (pre-networking).
[[0;32m  OK  [0m] Reached target Network (Pre).
         Starting Network Service...
[[0;32m  OK  [0m] Started Network Service.
         Starting Network Name Resolution...
         Starting Wait for Network to be Configured...
[[0;32m  OK  [0m] Started Network Name Resolution.
[[0;32m  OK  [0m] Reached target Network.
[[0;32m  OK  [0m] Reached target Host and Network Name Lookups.
[[0;32m  OK  [0m] Started Wait for Network to be Configured.
         Starting Initial cloud-init job (metadata service crawler)...
[   15.559210] cloud-init[790]: Cloud-init v. 22.3.4-0ubuntu1~18.04.1 running 'init' at Thu, 17 Nov 2022 02:34:27 +0000. Up 15.41 seconds.
[   15.561792] cloud-init[790]: ci-info: ++++++++++++++++++++++++++++++++++++++Net device info+++++++++++++++++++++++++++++++++++++++
[   15.563062] cloud-init[790]: ci-info: +--------+-------+----------------------------+---------------+--------+-------------------+
[   15.564464] cloud-init[790]: ci-info: | Device |   Up  |          Address           |      Mask     | Scope  |     Hw-Address    |
[   15.565851] cloud-init[790]: ci-info: +--------+-------+----------------------------+---------------+--------+-------------------+
[   15.567086] cloud-init[790]: ci-info: | enp0s3 |  True |         10.0.2.15          | 255.255.255.0 | global | 02:4e:99:64:d2:eb |
[   15.568502] cloud-init[790]: ci-info: | enp0s3 |  True | fe80::4e:99ff:fe64:d2eb/64 |       .       |  link  | 02:4e:99:64:d2:eb |
[   15.570210] cloud-init[790]: ci-info: | enp0s8 | False |             .              |       .       |   .    | 08:00:27:7b:24:ea |
[   15.573104] cloud-init[790]: ci-info: |   lo   |  True |         127.0.0.1          |   255.0.0.0   |  host  |         .         |
[   15.575120] cloud-init[790]: ci-info: |   lo   |  True |          ::1/128           |       .       |  host  |         .         |
[   15.576547] cloud-init[790]: ci-info: +--------+-------+----------------------------+---------------+--------+-------------------+
[   15.577468] cloud-init[790]: ci-info: ++++++++++++++++++++++++++++Route IPv4 info+++++++++++++++++++++++++++++
[   15.578550] cloud-init[790]: ci-info: +-------+-------------+----------+-----------------+-----------+-------+
[   15.579576] cloud-init[790]: ci-info: | Route | Destination | Gateway  |     Genmask     | Interface | Flags |
[   15.580767] cloud-init[790]: ci-info: +-------+-------------+----------+-----------------+-----------+-------+
[   15.581725] cloud-init[790]: ci-info: |   0   |   0.0.0.0   | 10.0.2.2 |     0.0.0.0     |   enp0s3  |   UG  |
[   15.582781] cloud-init[790]: ci-info: |   1   |   10.0.2.0  | 0.0.0.0  |  255.255.255.0  |   enp0s3  |   U   |
[   15.583815] cloud-init[790]: ci-info: |   2   |   10.0.2.2  | 0.0.0.0  | 255.255.255.255 |   enp0s3  |   UH  |
[   15.584892] cloud-init[790]: ci-info: +-------+-------------+----------+-----------------+-----------+-------+
[   15.585943] cloud-init[790]: ci-info: +++++++++++++++++++Route IPv6 info+++++++++++++++++++
[   15.586901] cloud-init[790]: ci-info: +-------+-------------+---------+-----------+-------+
[   15.588496] cloud-init[790]: ci-info: | Route | Destination | Gateway | Interface | Flags |
[   15.590896] cloud-init[790]: ci-info: +-------+-------------+---------+-----------+-------+
[   15.592349] cloud-init[790]: ci-info: |   1   |  fe80::/64  |    ::   |   enp0s3  |   U   |
[   15.593461] cloud-init[790]: ci-info: |   3   |    local    |    ::   |   enp0s3  |   U   |
[   15.594503] cloud-init[790]: ci-info: |   4   |   ff00::/8  |    ::   |   enp0s3  |   U   |
[   15.595514] cloud-init[790]: ci-info: +-------+-------------+---------+-----------+-------+
[   16.238688] cloud-init[790]: Generating public/private rsa key pair.
[   16.239841] cloud-init[790]: Your identification has been saved in /etc/ssh/ssh_host_rsa_key.
[   16.241010] cloud-init[790]: Your public key has been saved in /etc/ssh/ssh_host_rsa_key.pub.
[   16.242178] cloud-init[790]: The key fingerprint is:
[   16.242922] cloud-init[790]: SHA256:ZEczlTr1H+douo06fwP+2ApbxMel1lUvYAReFOOi3FY root@ubuntu-bionic
[   16.244097] cloud-init[790]: The key's randomart image is:
[   16.244807] cloud-init[790]: +---[RSA 2048]----+
[   16.245451] cloud-init[790]: |          ==Xo  .|
[   16.246089] cloud-init[790]: |         o *oo  o|
[   16.246715] cloud-init[790]: |        o +oE.. +|
[   16.247351] cloud-init[790]: |       + +o+ ..*o|
[   16.247998] cloud-init[790]: |        S o.o =++|
[   16.248685] cloud-init[790]: |         . ..oo o|
[   16.249348] cloud-init[790]: |          ...+   |
[   16.249977] cloud-init[790]: |          .+o=o  |
[   16.250608] cloud-init[790]: |          o+*=+. |
[   16.251248] cloud-init[790]: +----[SHA256]-----+
[   16.251983] cloud-init[790]: Generating public/private dsa key pair.
[   16.252846] cloud-init[790]: Your identification has been saved in /etc/ssh/ssh_host_dsa_key.
[   16.264291] cloud-init[790]: Your public key has been saved in /etc/ssh/ssh_host_dsa_key.pub.
[   16.265482] cloud-init[790]: The key fingerprint is:
[   16.266210] cloud-init[790]: SHA256:c3e3Epml3D0ZBe89YmVOkZEXdQdpTISx432Jkk6cgLY root@ubuntu-bionic
[   16.267419] cloud-init[790]: The key's randomart image is:
[   16.268282] cloud-init[790]: +---[DSA 1024]----+
[   16.269074] cloud-init[790]: |            .*=B@|
[   16.269861] cloud-init[790]: |        .   ..++*|
[   16.271895] cloud-init[790]: |       o .  o. *o|
[   16.272907] cloud-init[790]: |      . . o.+o%.*|
[   16.274026] cloud-init[790]: |       ES .*oXoB*|
[   16.275114] cloud-init[790]: |         oo.o.oo+|
[   16.276182] cloud-init[790]: |           . . . |
[   16.277167] cloud-init[790]: |              .  |
[   16.278289] cloud-init[790]: |                 |
[   16.279396] cloud-init[790]: +----[SHA256]-----+
[   16.280550] cloud-init[790]: Generating public/private ecdsa key pair.
[   16.282189] cloud-init[790]: Your identification has been saved in /etc/ssh/ssh_host_ecdsa_key.
[   16.283904] cloud-init[790]: Your public key has been saved in /etc/ssh/ssh_host_ecdsa_key.pub.
[   16.285792] cloud-init[790]: The key fingerprint is:
[   16.296280] cloud-init[790]: SHA256:AsiscmPN2KfTir7dJKfVMrXbgI0wjvML8LSo8Gxvi/U root@ubuntu-bionic
[   16.298015] cloud-init[790]: The key's randomart image is:
[   16.299220] cloud-init[790]: +---[ECDSA 256]---+
[   16.300283] cloud-init[790]: |                 |
[   16.301443] cloud-init[790]: | o .             |
[   16.302150] cloud-init[790]: |  + .            |[[0;32m  OK  [0m] Started Initial cloud-init job (metadata service crawler).
[[0;32m  OK  [0m] Reached target System Initialization.
[
[0;32m  OK  [0m[   16.306002] cloud-init[790]: | . = .           |
[   16.306462] cloud-init[790]: |+ * * o S        |
[   16.306915] cloud-init[790]: |.B = * B .       |
[   16.307364] cloud-init[790]: |o * * X =        |
[   16.307612] cloud-init[790]: |oo.O.@ o +       |
[   16.307867] cloud-init[790]: |.oB+OoE . .      |
[   16.308149] cloud-init[790]: +----[SHA256]-----+
[   16.308373] cloud-init[790]: Generating public/private ed25519 key pair.
[   16.308631] cloud-init[790]: Your identification has been saved in /etc/ssh/ssh_host_ed25519_key.
[   16.309422] cloud-init[790]: Your public key has been saved in /etc/ssh/ssh_host_ed25519_key.pub.
[   16.310251] cloud-init[790]: The key fingerprint is:
[   16.310939] cloud-init[790]: SHA256:iCgKJlc2AaNnHRg96ejkPWtqRZ+bf6hoaYqsoa84zTw root@ubuntu-bionic
[   16.311625] cloud-init[790]: The key's randomart image is:
[   16.312545] cloud-init[790]: +--[ED25519 256]--+
[   16.313269] cloud-init[790]: |  +=o.           |
[   16.313934] cloud-init[790]: | ..o+o           |
[   16.314586] cloud-init[790]: |. oo=.           |
[   16.315246] cloud-init[790]: | oo+oo .         |
[   16.315915] cloud-init[790]: |+=oo....S        |
[   16.316576] cloud-init[790]: |=oo + o          |
[   16.317236] cloud-init[790]: |o+ . + o .       |
[   16.317881] cloud-init[790]: |=oE *.o . .      |
[   16.318589] cloud-init[790]: |B*+B. .o..       |
[   16.319183] cloud-init[790]: +----[SHA256]-----+
] Listening on UUID daemon activation socket.
[[0;32m  OK  [0m] Started Daily Cleanup of Temporary Directories.
[[0;32m  OK  [0m] Started Daily apt download activities.
[[0;32m  OK  [0m] Started Daily apt upgrade and clean activities.
[[0;32m  OK  [0m] Started ACPI Events Check.
[[0;32m  OK  [0m] Started Discard unused blocks once a week.
         Starting Socket activation for snappy daemon.
[[0;32m  OK  [0m] Listening on D-Bus System Message Bus Socket.
[[0;32m  OK  [0m] Started Ubuntu Advantage Timer for running repeated jobs.
[[0;32m  OK  [0m] Listening on ACPID Listen Socket.
[[0;32m  OK  [0m] Listening on Open-iSCSI iscsid Socket.
[[0;32m  OK  [0m] Reached target Paths.
[[0;32m  OK  [0m] Listening on cloud-init hotplug hook socket.
         Starting LXD - unix socket.
[[0;32m  OK  [0m] Started Message of the Day.
[[0;32m  OK  [0m] Reached target Timers.
[[0;32m  OK  [0m] Reached target Cloud-config availability.
[[0;32m  OK  [0m] Reached target Network is Online.
         Starting Availability of block devices...
[[0;32m  OK  [0m] Reached target Remote File Systems (Pre).
[[0;32m  OK  [0m] Reached target Remote File Systems.
[[0;32m  OK  [0m] Listening on Socket activation for snappy daemon.
[[0;32m  OK  [0m] Listening on LXD - unix socket.
[[0;32m  OK  [0m] Started Availability of block devices.
[[0;32m  OK  [0m] Reached target Sockets.
[[0;32m  OK  [0m] Reached target Basic System.
[[0;32m  OK  [0m] Started D-Bus System Message Bus.
         Starting Permit User Sessions...
         Starting Accounts Service...
         Starting Login Service...
         Starting LSB: Record successful boot for GRUB...
         Starting System Logging Service...
         Starting LXD - container startup/shutdown...
[[0;32m  OK  [0m] Started irqbalance daemon.
         Starting LSB: automatic crash report generation...
         Starting Pollinate to seed the pseudo random number generator...
         Starting Virtualbox guest utils...
[[0;32m  OK  [0m] Started Deferred execution scheduler.
         Starting Snap Daemon...
[[0;32m  OK  [0m] Started Regular background program processing daemon.
         Starting Dispatcher daemon for systemd-networkd...
[[0;32m  OK  [0m] Reached target Login Prompts (Pre).
[[0;32m  OK  [0m] Started FUSE filesystem for LXC.
[[0;32m  OK  [0m] Started System Logging Service.
[[0;32m  OK  [0m] Started Permit User Sessions.
[[0;32m  OK  [0m] Started Login Service.
         Starting Authorization Manager...
[[0;32m  OK  [0m] Started Unattended Upgrades Shutdown.
         Starting Terminate Plymouth Boot Screen...
         Starting Hold until boot process finishes up...
[[0;32m  OK  [0m] Started Hold until boot process finishes up.
         Starting Set console scheme...
[[0;32m  OK  [0m] Started Serial Getty on ttyS0.
[[0;32m  OK  [0m] Started Terminate Plymouth Boot Screen.
[[0;32m  OK  [0m] Started Authorization Manager.
[[0;32m  OK  [0m] Started Accounts Service.
[[0;32m  OK  [0m] Started Set console scheme.
[[0;32m  OK  [0m] Created slice system-getty.slice.
[[0;32m  OK  [0m] Started Getty on tty1.
[[0;32m  OK  [0m] Reached target Login Prompts.
[[0;32m  OK  [0m] Started LSB: automatic crash report generation.
[[0;32m  OK  [0m] Started LSB: Record successful boot for GRUB.
[[0;32m  OK  [0m] Started Virtualbox guest utils.
[[0;32m  OK  [0m] Started LXD - container startup/shutdown.
[[0;32m  OK  [0m] Started Dispatcher daemon for systemd-networkd.
[[0;32m  OK  [0m] Started Snap Daemon.
         Starting Wait until snapd is fully seeded...
         Starting Time & Date Service...
[[0;32m  OK  [0m] Started Time & Date Service.
[[0;32m  OK  [0m] Started Pollinate to seed the pseudo random number generator.
         Starting OpenBSD Secure Shell server...
[[0;32m  OK  [0m] Started OpenBSD Secure Shell server.
[[0;32m  OK  [0m] Created slice User Slice of vagrant.
         Starting User Manager for UID 1000...
[[0;32m  OK  [0m] Started Session 1 of user vagrant.
[[0;32m  OK  [0m] Started User Manager for UID 1000.
[[0;32m  OK  [0m] Started Wait until snapd is fully seeded.
         Starting Apply the settings specified in cloud-config...

Ubuntu 18.04.6 LTS ubuntu-bionic ttyS0

ubuntu-bionic login: [   22.806701] cloud-init[1462]: Cloud-init v. 22.3.4-0ubuntu1~18.04.1 running 'modules:config' at Thu, 17 Nov 2022 02:34:34 +0000. Up 22.36 seconds.
ci-info: no authorized SSH keys fingerprints found for user ubuntu.
<14>Nov 17 02:34:35 cloud-init: #############################################################
<14>Nov 17 02:34:35 cloud-init: -----BEGIN SSH HOST KEY FINGERPRINTS-----
<14>Nov 17 02:34:35 cloud-init: 1024 SHA256:c3e3Epml3D0ZBe89YmVOkZEXdQdpTISx432Jkk6cgLY root@ubuntu-bionic (DSA)
<14>Nov 17 02:34:35 cloud-init: 256 SHA256:AsiscmPN2KfTir7dJKfVMrXbgI0wjvML8LSo8Gxvi/U root@ubuntu-bionic (ECDSA)
<14>Nov 17 02:34:35 cloud-init: 256 SHA256:iCgKJlc2AaNnHRg96ejkPWtqRZ+bf6hoaYqsoa84zTw root@ubuntu-bionic (ED25519)
<14>Nov 17 02:34:35 cloud-init: 2048 SHA256:ZEczlTr1H+douo06fwP+2ApbxMel1lUvYAReFOOi3FY root@ubuntu-bionic (RSA)
<14>Nov 17 02:34:35 cloud-init: -----END SSH HOST KEY FINGERPRINTS-----
<14>Nov 17 02:34:35 cloud-init: #############################################################
-----BEGIN SSH HOST KEY KEYS-----
ecdsa-sha2-nistp256 AAAAE2VjZHNhLXNoYTItbmlzdHAyNTYAAAAIbmlzdHAyNTYAAABBBO+eJ4rFf6v6jGjNRFEdR1nsuOkFd3WL+h1RpWl2/m2AEmeEKmOAE+3MCxQUrJagSOziyyR+jteK1wZobV9M2Ms= root@ubuntu-bionic
ssh-ed25519 AAAAC3NzaC1lZDI1NTE5AAAAIKsjMlz2AChk8jRE1WmcmyYYlvHk/Ik0tWPLFxCi7RdQ root@ubuntu-bionic
ssh-rsa AAAAB3NzaC1yc2EAAAADAQABAAABAQDs/4JbU8e58YA+zGmG6QnZFRI9PAWDOmIKCtbV5TCBv8MV+kNnmyuQ4SG190eQ2W4RnOSUOR42S/ml3ts77Zr7DLqm91PsTsVct5SQ9Y0CAIpU37HrMmvuSf66gbEzYiMJudkl4ymJR1OK7jenrMyY4C9USlLC0Mc1q7+GCXkfNneLWkWq9pSSCyBjhUEBpyfXshp7+nJ5Y+3jtJn67YT/acroHdpvv+KBUwq0ljk5/BK4TBKJy67IFzk9xg9NWycqsBGevOO8OkAp1ffotaEBwyVxAdDjbIb/jp06CdB9ixMkl9WZ7Ux0bTBWtB5M3xO7+WQDGt8oiAWHaYkMXK89 root@ubuntu-bionic
-----END SSH HOST KEY KEYS-----
[   23.693990] cloud-init[1638]: Cloud-init v. 22.3.4-0ubuntu1~18.04.1 running 'modules:final' at Thu, 17 Nov 2022 02:34:35 +0000. Up 23.45 seconds.
[   23.695704] cloud-init[1638]: Cloud-init v. 22.3.4-0ubuntu1~18.04.1 finished at Thu, 17 Nov 2022 02:34:35 +0000. Datasource DataSourceNoCloud [seed=/dev/sdb][dsmode=net].  Up 23.68 seconds
